2026-04-01 13:47:02,166 [INFO] Activator:176 - 


2026-04-01 13:47:02,171 [INFO] Activator:177 - !SESSION log4j initialized
2026-04-01 13:47:08,327 [INFO] LogOutputStream:77 - [STDOUT_REDIRECT] 
2026-04-01 14:34:58,152 [ERROR] ConfigurationRetriever:142 - IOException on connection: Read timed out
2026-04-01 14:37:47,005 [ERROR] AdobePublisher:162 - Exception while opening the connection: java.net.SocketTimeoutException: Read timed out
2026-04-01 14:37:47,006 [ERROR] AdobePublisher:162 - Exception while opening the connection: java.net.SocketTimeoutException: Read timed out
2026-04-01 14:37:47,006 [ERROR] AdobePublisher:162 - Exception while opening the connection: java.net.SocketTimeoutException: Read timed out
2026-04-01 14:37:47,006 [ERROR] AdobePublisher:162 - Exception while opening the connection: java.net.SocketTimeoutException: Read timed out
2026-04-01 14:37:47,007 [ERROR] AdobePublisher:162 - Exception while opening the connection: java.net.SocketTimeoutException: Read timed out
2026-04-01 14:37:53,048 [ERROR] AdobePublisher:162 - Exception while opening the connection: java.net.SocketTimeoutException: Read timed out
2026-04-01 14:37:53,048 [ERROR] AdobePublisher:162 - Exception while opening the connection: java.net.SocketTimeoutException: Read timed out
2026-04-01 14:37:53,049 [ERROR] AdobePublisher:162 - Exception while opening the connection: java.net.SocketTimeoutException: Read timed out
2026-04-01 14:37:53,049 [ERROR] AdobePublisher:162 - Exception while opening the connection: java.net.SocketTimeoutException: Read timed out
2026-04-01 14:37:53,049 [ERROR] AdobePublisher:162 - Exception while opening the connection: java.net.SocketTimeoutException: Read timed out
2026-04-01 16:33:43,902 [INFO] Activator:176 - 


2026-04-01 16:33:43,904 [INFO] Activator:177 - !SESSION log4j initialized
2026-04-01 16:33:49,788 [INFO] LogOutputStream:77 - [STDOUT_REDIRECT] 
2026-04-01 17:12:19,448 [INFO] Activator:176 - 


2026-04-01 17:12:19,450 [INFO] Activator:177 - !SESSION log4j initialized
2026-04-01 17:12:24,939 [INFO] LogOutputStream:77 - [STDOUT_REDIRECT] 
2026-04-01 18:59:48,381 [ERROR] ConfigurationRetriever:142 - IOException on connection: sw-center.st.com
2026-04-01 18:59:48,384 [ERROR] ConfigurationRetriever:142 - IOException on connection: sw-center.st.com
2026-04-01 18:59:48,385 [ERROR] ConfigurationRetriever:142 - IOException on connection: sw-center.st.com
